<?xml version="1.0" encoding="UTF-8"?>
<!-- Generated by org.testng.reporters.JUnitReportReporter -->
<testsuite skipped="0" hostname="LAPTOP-SQUFLTJ8" name="TestCase.SignUpTest" tests="12" failures="0" timestamp="15 Apr 2019 23:38:05 GMT" time="103.257" errors="0">
  <testcase name="test12" time="10.844" classname="TestCase.SignUpTest"/>
  <testcase name="test9" time="7.156" classname="TestCase.SignUpTest"/>
  <testcase name="test2" time="10.596" classname="TestCase.SignUpTest"/>
  <testcase name="test5" time="6.253" classname="TestCase.SignUpTest"/>
  <testcase name="test1" time="9.137" classname="TestCase.SignUpTest"/>
  <testcase name="test4" time="6.572" classname="TestCase.SignUpTest"/>
  <testcase name="test6" time="8.560" classname="TestCase.SignUpTest"/>
  <testcase name="test3" time="8.600" classname="TestCase.SignUpTest"/>
  <testcase name="test8" time="8.552" classname="TestCase.SignUpTest"/>
  <testcase name="test10" time="8.076" classname="TestCase.SignUpTest"/>
  <testcase name="test7" time="8.469" classname="TestCase.SignUpTest"/>
  <testcase name="test11" time="10.442" classname="TestCase.SignUpTest"/>
</testsuite> <!-- TestCase.SignUpTest -->
