<?xml version="1.0" encoding="UTF-8"?>
<!-- Generated by org.testng.reporters.JUnitReportReporter -->
<testsuite skipped="0" hostname="LAPTOP-SQUFLTJ8" name="TestCase.FindTalent" tests="1" failures="0" timestamp="17 Apr 2019 00:19:09 GMT" time="18.180" errors="0">
  <testcase name="test1" time="18.180" classname="TestCase.FindTalent"/>
</testsuite> <!-- TestCase.FindTalent -->
