<?xml version="1.0" encoding="UTF-8"?>
<!-- Generated by org.testng.reporters.JUnitReportReporter -->
<testsuite skipped="0" hostname="LAPTOP-SQUFLTJ8" name="TestCase.SignUpTest" tests="12" failures="0" timestamp="17 Apr 2019 00:21:57 GMT" time="102.499" errors="0">
  <testcase name="test5" time="7.695" classname="TestCase.SignUpTest"/>
  <testcase name="test3" time="7.058" classname="TestCase.SignUpTest"/>
  <testcase name="test2" time="12.703" classname="TestCase.SignUpTest"/>
  <testcase name="test6" time="6.270" classname="TestCase.SignUpTest"/>
  <testcase name="test8" time="8.507" classname="TestCase.SignUpTest"/>
  <testcase name="test7" time="8.614" classname="TestCase.SignUpTest"/>
  <testcase name="test12" time="8.592" classname="TestCase.SignUpTest"/>
  <testcase name="test9" time="8.855" classname="TestCase.SignUpTest"/>
  <testcase name="test1" time="11.256" classname="TestCase.SignUpTest"/>
  <testcase name="test11" time="8.881" classname="TestCase.SignUpTest"/>
  <testcase name="test4" time="6.769" classname="TestCase.SignUpTest"/>
  <testcase name="test10" time="7.299" classname="TestCase.SignUpTest"/>
</testsuite> <!-- TestCase.SignUpTest -->
